<?xml version="1.0" encoding="UTF-8"?>
<!-- Generated by org.testng.reporters.JUnitXMLReporter -->
<testsuite ignored="0" hostname="DESKTOP-PGEII88" failures="0" tests="2" name="Default test" time="23.524" errors="0" timestamp="2023-04-05T12:17:00 IST">
  <testcase classname="testng.verifyForFotPasswordPage" name="VerifyCancleButtonOnForgotPassword" time="3.335"/>
  <testcase classname="testng.verifyForFotPasswordPage" name="VerifyMessageOnForgotPasswordPage" time="0.046"/>
</testsuite> <!-- Default test -->
