<?xml version="1.0" encoding="UTF-8"?>
<!-- Generated by org.testng.reporters.JUnitXMLReporter -->
<testsuite ignored="0" hostname="DESKTOP-PGEII88" failures="0" tests="8" name="Test" time="29.747" errors="0" timestamp="2023-04-11T17:44:20 IST">
  <testcase classname="testng.TestclassNg" name="@BeforeMethod beforeMethod" time="0.001">
    <failure type="java.lang.NullPointerException" message="Cannot invoke &amp;quot;org.openqa.selenium.WebDriver.get(String)&amp;quot; because &amp;quot;this.driver&amp;quot; is null">
      <![CDATA[java.lang.NullPointerException: Cannot invoke "org.openqa.selenium.WebDriver.get(String)" because "this.driver" is null
at testng.TestclassNg.beforeMethod(TestclassNg.java:36)
at java.base/java.util.ArrayList.forEach(ArrayList.java:1511)
... Removed 31 stack frames]]>
    </failure>
  </testcase> <!-- @BeforeMethod beforeMethod -->
  <testcase classname="testng.TestclassNg" name="@AfterMethod aftreClass" time="-1.681215259435E9">
    <skipped/>
  </testcase> <!-- @AfterMethod aftreClass -->
  <testcase classname="testng.TestclassNg" name="@BeforeMethod beforeMethod" time="-1.681215259445E9">
    <skipped/>
  </testcase> <!-- @BeforeMethod beforeMethod -->
  <testcase classname="testng.TestclassNg" name="@AfterMethod aftreClass" time="-1.68121525945E9">
    <skipped/>
  </testcase> <!-- @AfterMethod aftreClass -->
  <testcase classname="testng.TestclassNg" name="@AfterClass afterClass" time="-1.681215259452E9">
    <skipped/>
  </testcase> <!-- @AfterClass afterClass -->
  <testcase classname="testng.Assert" name="test3" time="0.008"/>
  <testcase classname="testng.Assert" name="test3" time="0.002"/>
  <testcase classname="testng.Assert" name="test3" time="0.002"/>
  <testcase classname="testng.Assert" name="test2" time="0.001"/>
  <testcase classname="testng.Assert" name="test1" time="0.001"/>
  <testcase classname="testng.Assert" name="test4" time="0.002"/>
  <testcase classname="testng.TestclassNg" name="test" time="0.0">
    <skipped/>
  </testcase> <!-- test -->
  <testcase classname="testng.TestclassNg" name="test1" time="0.0">
    <skipped/>
  </testcase> <!-- test1 -->
</testsuite> <!-- Test -->
